{"/Users/jackbrierly/Desktop/f1-race-weekend-workflow/backend/src/controllers/setupVersions.controller.js": {"path":"/Users/jackbrierly/Desktop/f1-race-weekend-workflow/backend/src/controllers/setupVersions.controller.js","statementMap":{"0":{"start":{"line":5,"column":4},"end":{"line":5,"column":42}},"1":{"start":{"line":6,"column":30},"end":{"line":6,"column":74}},"2":{"start":{"line":7,"column":29},"end":{"line":7,"column":73}},"3":{"start":{"line":10,"column":32},"end":{"line":10,"column":42}},"4":{"start":{"line":16,"column":8},"end":{"line":16,"column":22}},"5":{"start":{"line":18,"column":4},"end":{"line":40,"column":6}},"6":{"start":{"line":19,"column":8},"end":{"line":19,"column":51}},"7":{"start":{"line":20,"column":8},"end":{"line":20,"column":60}},"8":{"start":{"line":22,"column":8},"end":{"line":24,"column":9}},"9":{"start":{"line":23,"column":12},"end":{"line":23,"column":100}},"10":{"start":{"line":26,"column":8},"end":{"line":26,"column":65}},"11":{"start":{"line":27,"column":8},"end":{"line":27,"column":77}},"12":{"start":{"line":28,"column":8},"end":{"line":28,"column":68}},"13":{"start":{"line":30,"column":29},"end":{"line":37,"column":9}},"14":{"start":{"line":39,"column":8},"end":{"line":39,"column":49}},"15":{"start":{"line":44,"column":32},"end":{"line":44,"column":42}},"16":{"start":{"line":46,"column":4},"end":{"line":52,"column":6}},"17":{"start":{"line":47,"column":8},"end":{"line":47,"column":51}},"18":{"start":{"line":48,"column":8},"end":{"line":48,"column":60}},"19":{"start":{"line":50,"column":30},"end":{"line":50,"column":97}},"20":{"start":{"line":51,"column":8},"end":{"line":51,"column":50}},"21":{"start":{"line":55,"column":0},"end":{"line":58,"column":1}}},"fnMap":{"0":{"name":"createSetupVersion","decl":{"start":{"line":9,"column":9},"end":{"line":9,"column":27}},"loc":{"start":{"line":9,"column":38},"end":{"line":41,"column":1}},"line":9},"1":{"name":"(anonymous_1)","decl":{"start":{"line":18,"column":34},"end":{"line":18,"column":35}},"loc":{"start":{"line":18,"column":40},"end":{"line":40,"column":5}},"line":18},"2":{"name":"listSetupVersionsForWeekend","decl":{"start":{"line":43,"column":9},"end":{"line":43,"column":36}},"loc":{"start":{"line":43,"column":47},"end":{"line":53,"column":1}},"line":43},"3":{"name":"(anonymous_3)","decl":{"start":{"line":46,"column":34},"end":{"line":46,"column":35}},"loc":{"start":{"line":46,"column":40},"end":{"line":52,"column":5}},"line":46}},"branchMap":{"0":{"loc":{"start":{"line":16,"column":8},"end":{"line":16,"column":22}},"type":"binary-expr","locations":[{"start":{"line":16,"column":8},"end":{"line":16,"column":16}},{"start":{"line":16,"column":20},"end":{"line":16,"column":22}}],"line":16},"1":{"loc":{"start":{"line":22,"column":8},"end":{"line":24,"column":9}},"type":"if","locations":[{"start":{"line":22,"column":8},"end":{"line":24,"column":9}},{"start":{},"end":{}}],"line":22}},"s":{"0":6,"1":6,"2":6,"3":42,"4":42,"5":42,"6":42,"7":37,"8":32,"9":10,"10":26,"11":21,"12":17,"13":13,"14":5,"15":15,"16":15,"17":15,"18":10,"19":5,"20":3,"21":6},"f":{"0":42,"1":42,"2":15,"3":15},"b":{"0":[42,0],"1":[10,22]},"_coverageSchema":"1a1c01bbd47fc00a2c39e90264f33305004495a9","hash":"9a9c0ffe9356edf13c20326c3c553e23348113fe"}
,"/Users/jackbrierly/Desktop/f1-race-weekend-workflow/backend/src/controllers/setupVersionsRequests.controller.js": {"path":"/Users/jackbrierly/Desktop/f1-race-weekend-workflow/backend/src/controllers/setupVersionsRequests.controller.js","statementMap":{"0":{"start":{"line":5,"column":4},"end":{"line":5,"column":42}},"1":{"start":{"line":6,"column":30},"end":{"line":6,"column":74}},"2":{"start":{"line":7,"column":37},"end":{"line":7,"column":89}},"3":{"start":{"line":9,"column":0},"end":{"line":19,"column":1}},"4":{"start":{"line":10,"column":32},"end":{"line":10,"column":42}},"5":{"start":{"line":12,"column":4},"end":{"line":18,"column":6}},"6":{"start":{"line":13,"column":8},"end":{"line":13,"column":51}},"7":{"start":{"line":14,"column":8},"end":{"line":14,"column":60}},"8":{"start":{"line":16,"column":40},"end":{"line":16,"column":123}},"9":{"start":{"line":17,"column":8},"end":{"line":17,"column":60}},"10":{"start":{"line":21,"column":0},"end":{"line":64,"column":1}},"11":{"start":{"line":38,"column":55},"end":{"line":38,"column":65}},"12":{"start":{"line":44,"column":8},"end":{"line":44,"column":22}},"13":{"start":{"line":47,"column":4},"end":{"line":63,"column":6}},"14":{"start":{"line":49,"column":8},"end":{"line":49,"column":51}},"15":{"start":{"line":50,"column":8},"end":{"line":50,"column":60}},"16":{"start":{"line":51,"column":8},"end":{"line":51,"column":96}},"17":{"start":{"line":55,"column":8},"end":{"line":55,"column":68}},"18":{"start":{"line":56,"column":8},"end":{"line":56,"column":80}},"19":{"start":{"line":58,"column":24},"end":{"line":58,"column":148}},"20":{"start":{"line":62,"column":8},"end":{"line":62,"column":44}},"21":{"start":{"line":65,"column":0},"end":{"line":106,"column":1}},"22":{"start":{"line":82,"column":55},"end":{"line":82,"column":65}},"23":{"start":{"line":88,"column":8},"end":{"line":88,"column":22}},"24":{"start":{"line":91,"column":4},"end":{"line":105,"column":6}},"25":{"start":{"line":93,"column":8},"end":{"line":93,"column":51}},"26":{"start":{"line":94,"column":8},"end":{"line":94,"column":60}},"27":{"start":{"line":95,"column":8},"end":{"line":95,"column":96}},"28":{"start":{"line":99,"column":8},"end":{"line":99,"column":68}},"29":{"start":{"line":100,"column":8},"end":{"line":100,"column":80}},"30":{"start":{"line":102,"column":24},"end":{"line":102,"column":149}},"31":{"start":{"line":104,"column":8},"end":{"line":104,"column":44}},"32":{"start":{"line":108,"column":0},"end":{"line":160,"column":1}},"33":{"start":{"line":130,"column":32},"end":{"line":130,"column":42}},"34":{"start":{"line":139,"column":8},"end":{"line":139,"column":22}},"35":{"start":{"line":142,"column":4},"end":{"line":159,"column":6}},"36":{"start":{"line":144,"column":8},"end":{"line":144,"column":51}},"37":{"start":{"line":145,"column":8},"end":{"line":145,"column":60}},"38":{"start":{"line":148,"column":8},"end":{"line":148,"column":71}},"39":{"start":{"line":149,"column":8},"end":{"line":149,"column":83}},"40":{"start":{"line":150,"column":8},"end":{"line":150,"column":71}},"41":{"start":{"line":151,"column":8},"end":{"line":151,"column":83}},"42":{"start":{"line":154,"column":8},"end":{"line":154,"column":68}},"43":{"start":{"line":156,"column":24},"end":{"line":156,"column":169}},"44":{"start":{"line":158,"column":8},"end":{"line":158,"column":44}}},"fnMap":{"0":{"name":"(anonymous_0)","decl":{"start":{"line":9,"column":46},"end":{"line":9,"column":47}},"loc":{"start":{"line":9,"column":60},"end":{"line":19,"column":1}},"line":9},"1":{"name":"(anonymous_1)","decl":{"start":{"line":12,"column":34},"end":{"line":12,"column":35}},"loc":{"start":{"line":12,"column":40},"end":{"line":18,"column":5}},"line":12},"2":{"name":"(anonymous_2)","decl":{"start":{"line":21,"column":36},"end":{"line":21,"column":37}},"loc":{"start":{"line":21,"column":50},"end":{"line":64,"column":1}},"line":21},"3":{"name":"(anonymous_3)","decl":{"start":{"line":47,"column":34},"end":{"line":47,"column":35}},"loc":{"start":{"line":47,"column":40},"end":{"line":63,"column":5}},"line":47},"4":{"name":"(anonymous_4)","decl":{"start":{"line":65,"column":37},"end":{"line":65,"column":38}},"loc":{"start":{"line":65,"column":51},"end":{"line":106,"column":1}},"line":65},"5":{"name":"(anonymous_5)","decl":{"start":{"line":91,"column":34},"end":{"line":91,"column":35}},"loc":{"start":{"line":91,"column":40},"end":{"line":105,"column":5}},"line":91},"6":{"name":"(anonymous_6)","decl":{"start":{"line":108,"column":36},"end":{"line":108,"column":37}},"loc":{"start":{"line":108,"column":50},"end":{"line":160,"column":1}},"line":108},"7":{"name":"(anonymous_7)","decl":{"start":{"line":142,"column":34},"end":{"line":142,"column":35}},"loc":{"start":{"line":142,"column":40},"end":{"line":159,"column":5}},"line":142}},"branchMap":{"0":{"loc":{"start":{"line":44,"column":8},"end":{"line":44,"column":22}},"type":"binary-expr","locations":[{"start":{"line":44,"column":8},"end":{"line":44,"column":16}},{"start":{"line":44,"column":20},"end":{"line":44,"column":22}}],"line":44},"1":{"loc":{"start":{"line":88,"column":8},"end":{"line":88,"column":22}},"type":"binary-expr","locations":[{"start":{"line":88,"column":8},"end":{"line":88,"column":16}},{"start":{"line":88,"column":20},"end":{"line":88,"column":22}}],"line":88},"2":{"loc":{"start":{"line":139,"column":8},"end":{"line":139,"column":22}},"type":"binary-expr","locations":[{"start":{"line":139,"column":8},"end":{"line":139,"column":16}},{"start":{"line":139,"column":20},"end":{"line":139,"column":22}}],"line":139}},"s":{"0":6,"1":6,"2":6,"3":6,"4":15,"5":15,"6":15,"7":10,"8":5,"9":3,"10":6,"11":36,"12":36,"13":36,"14":36,"15":31,"16":26,"17":21,"18":16,"19":12,"20":4,"21":6,"22":34,"23":34,"24":34,"25":34,"26":29,"27":24,"28":19,"29":14,"30":10,"31":3,"32":6,"33":119,"34":119,"35":119,"36":119,"37":114,"38":109,"39":104,"40":100,"41":95,"42":91,"43":87,"44":79},"f":{"0":15,"1":15,"2":36,"3":36,"4":34,"5":34,"6":119,"7":119},"b":{"0":[36,0],"1":[34,0],"2":[119,0]},"_coverageSchema":"1a1c01bbd47fc00a2c39e90264f33305004495a9","hash":"dcd47a4b1fb37117c7dd16ec92943b7ef56c99bd"}
,"/Users/jackbrierly/Desktop/f1-race-weekend-workflow/backend/src/controllers/teams.controller.js": {"path":"/Users/jackbrierly/Desktop/f1-race-weekend-workflow/backend/src/controllers/teams.controller.js","statementMap":{"0":{"start":{"line":1,"column":21},"end":{"line":1,"column":57}},"1":{"start":{"line":2,"column":54},"end":{"line":2,"column":92}},"2":{"start":{"line":3,"column":30},"end":{"line":3,"column":74}},"3":{"start":{"line":6,"column":17},"end":{"line":6,"column":31}},"4":{"start":{"line":8,"column":2},"end":{"line":12,"column":4}},"5":{"start":{"line":9,"column":4},"end":{"line":9,"column":51}},"6":{"start":{"line":10,"column":17},"end":{"line":10,"column":46}},"7":{"start":{"line":11,"column":4},"end":{"line":11,"column":37}},"8":{"start":{"line":16,"column":2},"end":{"line":19,"column":4}},"9":{"start":{"line":17,"column":18},"end":{"line":17,"column":42}},"10":{"start":{"line":18,"column":4},"end":{"line":18,"column":38}},"11":{"start":{"line":23,"column":19},"end":{"line":23,"column":29}},"12":{"start":{"line":25,"column":2},"end":{"line":29,"column":4}},"13":{"start":{"line":26,"column":4},"end":{"line":26,"column":47}},"14":{"start":{"line":27,"column":17},"end":{"line":27,"column":45}},"15":{"start":{"line":28,"column":4},"end":{"line":28,"column":37}},"16":{"start":{"line":32,"column":0},"end":{"line":36,"column":1}}},"fnMap":{"0":{"name":"createTeam","decl":{"start":{"line":5,"column":9},"end":{"line":5,"column":19}},"loc":{"start":{"line":5,"column":30},"end":{"line":13,"column":1}},"line":5},"1":{"name":"(anonymous_1)","decl":{"start":{"line":8,"column":32},"end":{"line":8,"column":33}},"loc":{"start":{"line":8,"column":38},"end":{"line":12,"column":3}},"line":8},"2":{"name":"getTeams","decl":{"start":{"line":15,"column":9},"end":{"line":15,"column":17}},"loc":{"start":{"line":15,"column":28},"end":{"line":20,"column":1}},"line":15},"3":{"name":"(anonymous_3)","decl":{"start":{"line":16,"column":32},"end":{"line":16,"column":33}},"loc":{"start":{"line":16,"column":38},"end":{"line":19,"column":3}},"line":16},"4":{"name":"getTeam","decl":{"start":{"line":22,"column":9},"end":{"line":22,"column":16}},"loc":{"start":{"line":22,"column":27},"end":{"line":30,"column":1}},"line":22},"5":{"name":"(anonymous_5)","decl":{"start":{"line":25,"column":32},"end":{"line":25,"column":33}},"loc":{"start":{"line":25,"column":38},"end":{"line":29,"column":3}},"line":25}},"branchMap":{"0":{"loc":{"start":{"line":6,"column":17},"end":{"line":6,"column":31}},"type":"binary-expr","locations":[{"start":{"line":6,"column":17},"end":{"line":6,"column":25}},{"start":{"line":6,"column":29},"end":{"line":6,"column":31}}],"line":6}},"s":{"0":6,"1":6,"2":6,"3":248,"4":248,"5":248,"6":241,"7":239,"8":2,"9":2,"10":2,"11":8,"12":8,"13":8,"14":3,"15":2,"16":6},"f":{"0":248,"1":248,"2":2,"3":2,"4":8,"5":8},"b":{"0":[248,0]},"_coverageSchema":"1a1c01bbd47fc00a2c39e90264f33305004495a9","hash":"f12f8bf5b32ea303a74afff11992dafae05b0a22"}
,"/Users/jackbrierly/Desktop/f1-race-weekend-workflow/backend/src/controllers/weekends.controller.js": {"path":"/Users/jackbrierly/Desktop/f1-race-weekend-workflow/backend/src/controllers/weekends.controller.js","statementMap":{"0":{"start":{"line":3,"column":4},"end":{"line":3,"column":42}},"1":{"start":{"line":4,"column":30},"end":{"line":4,"column":74}},"2":{"start":{"line":5,"column":26},"end":{"line":5,"column":55}},"3":{"start":{"line":6,"column":24},"end":{"line":6,"column":63}},"4":{"start":{"line":9,"column":21},"end":{"line":9,"column":31}},"5":{"start":{"line":10,"column":19},"end":{"line":10,"column":33}},"6":{"start":{"line":12,"column":4},"end":{"line":21,"column":6}},"7":{"start":{"line":13,"column":8},"end":{"line":13,"column":51}},"8":{"start":{"line":14,"column":8},"end":{"line":16,"column":9}},"9":{"start":{"line":15,"column":12},"end":{"line":15,"column":71}},"10":{"start":{"line":17,"column":8},"end":{"line":17,"column":26}},"11":{"start":{"line":19,"column":24},"end":{"line":19,"column":67}},"12":{"start":{"line":20,"column":8},"end":{"line":20,"column":44}},"13":{"start":{"line":25,"column":21},"end":{"line":25,"column":31}},"14":{"start":{"line":27,"column":4},"end":{"line":31,"column":6}},"15":{"start":{"line":28,"column":8},"end":{"line":28,"column":51}},"16":{"start":{"line":29,"column":25},"end":{"line":29,"column":61}},"17":{"start":{"line":30,"column":8},"end":{"line":30,"column":45}},"18":{"start":{"line":35,"column":32},"end":{"line":35,"column":42}},"19":{"start":{"line":37,"column":4},"end":{"line":43,"column":6}},"20":{"start":{"line":38,"column":8},"end":{"line":38,"column":51}},"21":{"start":{"line":39,"column":8},"end":{"line":39,"column":60}},"22":{"start":{"line":41,"column":24},"end":{"line":41,"column":69}},"23":{"start":{"line":42,"column":8},"end":{"line":42,"column":44}},"24":{"start":{"line":47,"column":32},"end":{"line":47,"column":42}},"25":{"start":{"line":48,"column":55},"end":{"line":48,"column":69}},"26":{"start":{"line":50,"column":4},"end":{"line":75,"column":6}},"27":{"start":{"line":51,"column":8},"end":{"line":51,"column":51}},"28":{"start":{"line":52,"column":8},"end":{"line":52,"column":60}},"29":{"start":{"line":54,"column":8},"end":{"line":56,"column":9}},"30":{"start":{"line":55,"column":12},"end":{"line":55,"column":68}},"31":{"start":{"line":58,"column":8},"end":{"line":60,"column":9}},"32":{"start":{"line":59,"column":12},"end":{"line":59,"column":68}},"33":{"start":{"line":62,"column":8},"end":{"line":62,"column":36}},"34":{"start":{"line":63,"column":8},"end":{"line":63,"column":36}},"35":{"start":{"line":65,"column":24},"end":{"line":72,"column":9}},"36":{"start":{"line":74,"column":8},"end":{"line":74,"column":44}},"37":{"start":{"line":78,"column":0},"end":{"line":83,"column":1}}},"fnMap":{"0":{"name":"createWeekend","decl":{"start":{"line":8,"column":9},"end":{"line":8,"column":22}},"loc":{"start":{"line":8,"column":33},"end":{"line":22,"column":1}},"line":8},"1":{"name":"(anonymous_1)","decl":{"start":{"line":12,"column":34},"end":{"line":12,"column":35}},"loc":{"start":{"line":12,"column":40},"end":{"line":21,"column":5}},"line":12},"2":{"name":"listWeekends","decl":{"start":{"line":24,"column":9},"end":{"line":24,"column":21}},"loc":{"start":{"line":24,"column":32},"end":{"line":32,"column":1}},"line":24},"3":{"name":"(anonymous_3)","decl":{"start":{"line":27,"column":34},"end":{"line":27,"column":35}},"loc":{"start":{"line":27,"column":40},"end":{"line":31,"column":5}},"line":27},"4":{"name":"getWeekend","decl":{"start":{"line":34,"column":9},"end":{"line":34,"column":19}},"loc":{"start":{"line":34,"column":30},"end":{"line":44,"column":1}},"line":34},"5":{"name":"(anonymous_5)","decl":{"start":{"line":37,"column":34},"end":{"line":37,"column":35}},"loc":{"start":{"line":37,"column":40},"end":{"line":43,"column":5}},"line":37},"6":{"name":"transitionWeekendStage","decl":{"start":{"line":46,"column":9},"end":{"line":46,"column":31}},"loc":{"start":{"line":46,"column":42},"end":{"line":76,"column":1}},"line":46},"7":{"name":"(anonymous_7)","decl":{"start":{"line":50,"column":34},"end":{"line":50,"column":35}},"loc":{"start":{"line":50,"column":40},"end":{"line":75,"column":5}},"line":50}},"branchMap":{"0":{"loc":{"start":{"line":10,"column":19},"end":{"line":10,"column":33}},"type":"binary-expr","locations":[{"start":{"line":10,"column":19},"end":{"line":10,"column":27}},{"start":{"line":10,"column":31},"end":{"line":10,"column":33}}],"line":10},"1":{"loc":{"start":{"line":14,"column":8},"end":{"line":16,"column":9}},"type":"if","locations":[{"start":{"line":14,"column":8},"end":{"line":16,"column":9}},{"start":{},"end":{}}],"line":14},"2":{"loc":{"start":{"line":14,"column":12},"end":{"line":14,"column":64}},"type":"binary-expr","locations":[{"start":{"line":14,"column":12},"end":{"line":14,"column":36}},{"start":{"line":14,"column":40},"end":{"line":14,"column":64}}],"line":14},"3":{"loc":{"start":{"line":48,"column":55},"end":{"line":48,"column":69}},"type":"binary-expr","locations":[{"start":{"line":48,"column":55},"end":{"line":48,"column":63}},{"start":{"line":48,"column":67},"end":{"line":48,"column":69}}],"line":48},"4":{"loc":{"start":{"line":54,"column":8},"end":{"line":56,"column":9}},"type":"if","locations":[{"start":{"line":54,"column":8},"end":{"line":56,"column":9}},{"start":{},"end":{}}],"line":54},"5":{"loc":{"start":{"line":54,"column":12},"end":{"line":54,"column":74}},"type":"binary-expr","locations":[{"start":{"line":54,"column":12},"end":{"line":54,"column":41}},{"start":{"line":54,"column":45},"end":{"line":54,"column":74}}],"line":54},"6":{"loc":{"start":{"line":58,"column":8},"end":{"line":60,"column":9}},"type":"if","locations":[{"start":{"line":58,"column":8},"end":{"line":60,"column":9}},{"start":{},"end":{}}],"line":58},"7":{"loc":{"start":{"line":58,"column":12},"end":{"line":58,"column":74}},"type":"binary-expr","locations":[{"start":{"line":58,"column":12},"end":{"line":58,"column":41}},{"start":{"line":58,"column":45},"end":{"line":58,"column":74}}],"line":58}},"s":{"0":6,"1":6,"2":6,"3":6,"4":229,"5":229,"6":229,"7":229,"8":224,"9":7,"10":217,"11":217,"12":214,"13":8,"14":8,"15":8,"16":3,"17":2,"18":16,"19":16,"20":16,"21":11,"22":6,"23":3,"24":708,"25":708,"26":708,"27":708,"28":703,"29":698,"30":2,"31":696,"32":5,"33":691,"34":691,"35":691,"36":678,"37":6},"f":{"0":229,"1":229,"2":8,"3":8,"4":16,"5":16,"6":708,"7":708},"b":{"0":[229,0],"1":[7,217],"2":[224,218],"3":[708,1],"4":[2,696],"5":[698,696],"6":[5,691],"7":[696,692]},"_coverageSchema":"1a1c01bbd47fc00a2c39e90264f33305004495a9","hash":"e2bdf9f06bfbcc4f2b5ed7fbea3b934fa39c1626"}
,"/Users/jackbrierly/Desktop/f1-race-weekend-workflow/backend/src/routes/setupVersions.routes.js": {"path":"/Users/jackbrierly/Desktop/f1-race-weekend-workflow/backend/src/routes/setupVersions.routes.js","statementMap":{"0":{"start":{"line":2,"column":16},"end":{"line":2,"column":34}},"1":{"start":{"line":7,"column":15},"end":{"line":7,"column":52}},"2":{"start":{"line":13,"column":4},"end":{"line":13,"column":54}},"3":{"start":{"line":17,"column":0},"end":{"line":17,"column":36}},"4":{"start":{"line":21,"column":0},"end":{"line":21,"column":44}},"5":{"start":{"line":26,"column":0},"end":{"line":26,"column":23}}},"fnMap":{},"branchMap":{},"s":{"0":6,"1":6,"2":6,"3":6,"4":6,"5":6},"f":{},"b":{},"_coverageSchema":"1a1c01bbd47fc00a2c39e90264f33305004495a9","hash":"075b8e9b3cbe8dd3c7397887c88a59f2041ef198"}
,"/Users/jackbrierly/Desktop/f1-race-weekend-workflow/backend/src/routes/setupVersionsRequets.routes.js": {"path":"/Users/jackbrierly/Desktop/f1-race-weekend-workflow/backend/src/routes/setupVersionsRequets.routes.js","statementMap":{"0":{"start":{"line":2,"column":16},"end":{"line":2,"column":34}},"1":{"start":{"line":7,"column":15},"end":{"line":7,"column":52}},"2":{"start":{"line":9,"column":40},"end":{"line":9,"column":98}},"3":{"start":{"line":13,"column":0},"end":{"line":13,"column":75}},"4":{"start":{"line":17,"column":0},"end":{"line":17,"column":104}},"5":{"start":{"line":21,"column":0},"end":{"line":21,"column":106}},"6":{"start":{"line":24,"column":0},"end":{"line":24,"column":84}},"7":{"start":{"line":33,"column":0},"end":{"line":33,"column":23}}},"fnMap":{},"branchMap":{},"s":{"0":6,"1":6,"2":6,"3":6,"4":6,"5":6,"6":6,"7":6},"f":{},"b":{},"_coverageSchema":"1a1c01bbd47fc00a2c39e90264f33305004495a9","hash":"df328ace81bf797413a493824353b1d230c2f172"}
,"/Users/jackbrierly/Desktop/f1-race-weekend-workflow/backend/src/routes/teams.routes.js": {"path":"/Users/jackbrierly/Desktop/f1-race-weekend-workflow/backend/src/routes/teams.routes.js","statementMap":{"0":{"start":{"line":1,"column":16},"end":{"line":1,"column":34}},"1":{"start":{"line":3,"column":15},"end":{"line":3,"column":31}},"2":{"start":{"line":10,"column":4},"end":{"line":10,"column":46}},"3":{"start":{"line":13,"column":0},"end":{"line":13,"column":28}},"4":{"start":{"line":16,"column":0},"end":{"line":16,"column":25}},"5":{"start":{"line":19,"column":0},"end":{"line":19,"column":31}},"6":{"start":{"line":21,"column":23},"end":{"line":21,"column":51}},"7":{"start":{"line":23,"column":0},"end":{"line":23,"column":47}},"8":{"start":{"line":25,"column":0},"end":{"line":25,"column":23}}},"fnMap":{},"branchMap":{},"s":{"0":6,"1":6,"2":6,"3":6,"4":6,"5":6,"6":6,"7":6,"8":6},"f":{},"b":{},"_coverageSchema":"1a1c01bbd47fc00a2c39e90264f33305004495a9","hash":"8ad71ae367a938eb5c598e8135e267b589bd48f5"}
,"/Users/jackbrierly/Desktop/f1-race-weekend-workflow/backend/src/routes/weekends.routes.js": {"path":"/Users/jackbrierly/Desktop/f1-race-weekend-workflow/backend/src/routes/weekends.routes.js","statementMap":{"0":{"start":{"line":1,"column":16},"end":{"line":1,"column":34}},"1":{"start":{"line":3,"column":15},"end":{"line":3,"column":52}},"2":{"start":{"line":11,"column":4},"end":{"line":11,"column":49}},"3":{"start":{"line":14,"column":0},"end":{"line":14,"column":31}},"4":{"start":{"line":17,"column":0},"end":{"line":17,"column":29}},"5":{"start":{"line":20,"column":0},"end":{"line":20,"column":37}},"6":{"start":{"line":23,"column":0},"end":{"line":23,"column":61}},"7":{"start":{"line":25,"column":28},"end":{"line":25,"column":61}},"8":{"start":{"line":27,"column":0},"end":{"line":27,"column":60}},"9":{"start":{"line":29,"column":34},"end":{"line":29,"column":74}},"10":{"start":{"line":30,"column":0},"end":{"line":30,"column":74}},"11":{"start":{"line":32,"column":0},"end":{"line":32,"column":23}}},"fnMap":{},"branchMap":{},"s":{"0":6,"1":6,"2":6,"3":6,"4":6,"5":6,"6":6,"7":6,"8":6,"9":6,"10":6,"11":6},"f":{},"b":{},"_coverageSchema":"1a1c01bbd47fc00a2c39e90264f33305004495a9","hash":"fd9703ffe9fb3afb61a25fa372bffb402f6ca8b0"}
}
