TN:
SF:src/controllers/setupVersions.controller.js
FN:9,createSetupVersion
FN:18,(anonymous_1)
FN:43,listSetupVersionsForWeekend
FN:46,(anonymous_3)
FNF:4
FNH:4
FNDA:42,createSetupVersion
FNDA:42,(anonymous_1)
FNDA:15,listSetupVersionsForWeekend
FNDA:15,(anonymous_3)
DA:5,6
DA:6,6
DA:7,6
DA:10,42
DA:16,42
DA:18,42
DA:19,42
DA:20,37
DA:22,32
DA:23,10
DA:26,26
DA:27,21
DA:28,17
DA:30,13
DA:39,5
DA:44,15
DA:46,15
DA:47,15
DA:48,10
DA:50,5
DA:51,3
DA:55,6
LF:22
LH:22
BRDA:16,0,0,42
BRDA:16,0,1,0
BRDA:22,1,0,10
BRDA:22,1,1,22
BRF:4
BRH:3
end_of_record
TN:
SF:src/controllers/setupVersionsRequests.controller.js
FN:9,(anonymous_0)
FN:12,(anonymous_1)
FN:21,(anonymous_2)
FN:47,(anonymous_3)
FN:65,(anonymous_4)
FN:91,(anonymous_5)
FN:108,(anonymous_6)
FN:142,(anonymous_7)
FNF:8
FNH:8
FNDA:15,(anonymous_0)
FNDA:15,(anonymous_1)
FNDA:36,(anonymous_2)
FNDA:36,(anonymous_3)
FNDA:34,(anonymous_4)
FNDA:34,(anonymous_5)
FNDA:119,(anonymous_6)
FNDA:119,(anonymous_7)
DA:5,6
DA:6,6
DA:7,6
DA:9,6
DA:10,15
DA:12,15
DA:13,15
DA:14,10
DA:16,5
DA:17,3
DA:21,6
DA:38,36
DA:44,36
DA:47,36
DA:49,36
DA:50,31
DA:51,26
DA:55,21
DA:56,16
DA:58,12
DA:62,4
DA:65,6
DA:82,34
DA:88,34
DA:91,34
DA:93,34
DA:94,29
DA:95,24
DA:99,19
DA:100,14
DA:102,10
DA:104,3
DA:108,6
DA:130,119
DA:139,119
DA:142,119
DA:144,119
DA:145,114
DA:148,109
DA:149,104
DA:150,100
DA:151,95
DA:154,91
DA:156,87
DA:158,79
LF:45
LH:45
BRDA:44,0,0,36
BRDA:44,0,1,0
BRDA:88,1,0,34
BRDA:88,1,1,0
BRDA:139,2,0,119
BRDA:139,2,1,0
BRF:6
BRH:3
end_of_record
TN:
SF:src/controllers/teams.controller.js
FN:5,createTeam
FN:8,(anonymous_1)
FN:15,getTeams
FN:16,(anonymous_3)
FN:22,getTeam
FN:25,(anonymous_5)
FNF:6
FNH:6
FNDA:248,createTeam
FNDA:248,(anonymous_1)
FNDA:2,getTeams
FNDA:2,(anonymous_3)
FNDA:8,getTeam
FNDA:8,(anonymous_5)
DA:1,6
DA:2,6
DA:3,6
DA:6,248
DA:8,248
DA:9,248
DA:10,241
DA:11,239
DA:16,2
DA:17,2
DA:18,2
DA:23,8
DA:25,8
DA:26,8
DA:27,3
DA:28,2
DA:32,6
LF:17
LH:17
BRDA:6,0,0,248
BRDA:6,0,1,0
BRF:2
BRH:1
end_of_record
TN:
SF:src/controllers/weekends.controller.js
FN:8,createWeekend
FN:12,(anonymous_1)
FN:24,listWeekends
FN:27,(anonymous_3)
FN:34,getWeekend
FN:37,(anonymous_5)
FN:46,transitionWeekendStage
FN:50,(anonymous_7)
FNF:8
FNH:8
FNDA:229,createWeekend
FNDA:229,(anonymous_1)
FNDA:8,listWeekends
FNDA:8,(anonymous_3)
FNDA:16,getWeekend
FNDA:16,(anonymous_5)
FNDA:708,transitionWeekendStage
FNDA:708,(anonymous_7)
DA:3,6
DA:4,6
DA:5,6
DA:6,6
DA:9,229
DA:10,229
DA:12,229
DA:13,229
DA:14,224
DA:15,7
DA:17,217
DA:19,217
DA:20,214
DA:25,8
DA:27,8
DA:28,8
DA:29,3
DA:30,2
DA:35,16
DA:37,16
DA:38,16
DA:39,11
DA:41,6
DA:42,3
DA:47,708
DA:48,708
DA:50,708
DA:51,708
DA:52,703
DA:54,698
DA:55,2
DA:58,696
DA:59,5
DA:62,691
DA:63,691
DA:65,691
DA:74,678
DA:78,6
LF:38
LH:38
BRDA:10,0,0,229
BRDA:10,0,1,0
BRDA:14,1,0,7
BRDA:14,1,1,217
BRDA:14,2,0,224
BRDA:14,2,1,218
BRDA:48,3,0,708
BRDA:48,3,1,1
BRDA:54,4,0,2
BRDA:54,4,1,696
BRDA:54,5,0,698
BRDA:54,5,1,696
BRDA:58,6,0,5
BRDA:58,6,1,691
BRDA:58,7,0,696
BRDA:58,7,1,692
BRF:16
BRH:15
end_of_record
TN:
SF:src/routes/setupVersions.routes.js
FNF:0
FNH:0
DA:2,6
DA:7,6
DA:13,6
DA:17,6
DA:21,6
DA:26,6
LF:6
LH:6
BRF:0
BRH:0
end_of_record
TN:
SF:src/routes/setupVersionsRequets.routes.js
FNF:0
FNH:0
DA:2,6
DA:7,6
DA:9,6
DA:13,6
DA:17,6
DA:21,6
DA:24,6
DA:33,6
LF:8
LH:8
BRF:0
BRH:0
end_of_record
TN:
SF:src/routes/teams.routes.js
FNF:0
FNH:0
DA:1,6
DA:3,6
DA:10,6
DA:13,6
DA:16,6
DA:19,6
DA:21,6
DA:23,6
DA:25,6
LF:9
LH:9
BRF:0
BRH:0
end_of_record
TN:
SF:src/routes/weekends.routes.js
FNF:0
FNH:0
DA:1,6
DA:3,6
DA:11,6
DA:14,6
DA:17,6
DA:20,6
DA:23,6
DA:25,6
DA:27,6
DA:29,6
DA:30,6
DA:32,6
LF:12
LH:12
BRF:0
BRH:0
end_of_record
